Using pre-set license
Built from '2021.3/staging' branch; Version is '2021.3.29f1 (204d6dc9ae1c) revision 2116973'; Using compiler version '192829333'; Build Type 'Release'
OS: 'Windows 10  (10.0.19045) 64bit Education' Language: 'ko' Physical Memory: 16297 MB
BatchMode: 1, IsHumanControllingUs: 0, StartBugReporterOnCrash: 0, Is64bit: 1, IsPro: 1

COMMAND LINE ARGUMENTS:
C:\Program Files\Unity\Hub\Editor\2021.3.29f1\Editor\Unity.exe
-adb2
-batchMode
-noUpm
-name
AssetImportWorker2
-projectPath
C:/Users/Administrator/Desktop/EndlessRunGame/EndlessRun
-logFile
Logs/AssetImportWorker2.log
-srvPort
50303
Successfully changed project path to: C:/Users/Administrator/Desktop/EndlessRunGame/EndlessRun
C:/Users/Administrator/Desktop/EndlessRunGame/EndlessRun
[UnityMemory] Configuration Parameters - Can be set up in boot.config
    "memorysetup-bucket-allocator-granularity=16"
    "memorysetup-bucket-allocator-bucket-count=8"
    "memorysetup-bucket-allocator-block-size=33554432"
    "memorysetup-bucket-allocator-block-count=8"
    "memorysetup-main-allocator-block-size=16777216"
    "memorysetup-thread-allocator-block-size=16777216"
    "memorysetup-gfx-main-allocator-block-size=16777216"
    "memorysetup-gfx-thread-allocator-block-size=16777216"
    "memorysetup-cache-allocator-block-size=4194304"
    "memorysetup-typetree-allocator-block-size=2097152"
    "memorysetup-profiler-bucket-allocator-granularity=16"
    "memorysetup-profiler-bucket-allocator-bucket-count=8"
    "memorysetup-profiler-bucket-allocator-block-size=33554432"
    "memorysetup-profiler-bucket-allocator-block-count=8"
    "memorysetup-profiler-allocator-block-size=16777216"
    "memorysetup-profiler-editor-allocator-block-size=1048576"
    "memorysetup-temp-allocator-size-main=16777216"
    "memorysetup-job-temp-allocator-block-size=2097152"
    "memorysetup-job-temp-allocator-block-size-background=1048576"
    "memorysetup-job-temp-allocator-reduction-small-platforms=262144"
    "memorysetup-temp-allocator-size-background-worker=32768"
    "memorysetup-temp-allocator-size-job-worker=262144"
    "memorysetup-temp-allocator-size-preload-manager=33554432"
    "memorysetup-temp-allocator-size-nav-mesh-worker=65536"
    "memorysetup-temp-allocator-size-audio-worker=65536"
    "memorysetup-temp-allocator-size-cloud-worker=32768"
    "memorysetup-temp-allocator-size-gi-baking-worker=262144"
    "memorysetup-temp-allocator-size-gfx=262144"
Player connection [19396] Host "[IP] 192.168.0.29 [Port] 0 [Flags] 2 [Guid] 397005799 [EditorId] 397005799 [Version] 1048832 [Id] WindowsEditor(7,I-17) [Debug] 1 [PackageName] WindowsEditor [ProjectName] Editor" joined multi-casting on [225.0.0.222:54997]...

Player connection [19396] Host "[IP] 192.168.0.29 [Port] 0 [Flags] 2 [Guid] 397005799 [EditorId] 397005799 [Version] 1048832 [Id] WindowsEditor(7,I-17) [Debug] 1 [PackageName] WindowsEditor [ProjectName] Editor" joined alternative multi-casting on [225.0.0.222:34997]...

Refreshing native plugins compatible for Editor in 67.61 ms, found 3 plugins.
Preloading 0 native plugins for Editor in 0.00 ms.
Initialize engine version: 2021.3.29f1 (204d6dc9ae1c)
[Subsystems] Discovering subsystems at path C:/Program Files/Unity/Hub/Editor/2021.3.29f1/Editor/Data/Resources/UnitySubsystems
[Subsystems] Discovering subsystems at path C:/Users/Administrator/Desktop/EndlessRunGame/EndlessRun/Assets
GfxDevice: creating device client; threaded=0; jobified=0
Direct3D:
    Version:  Direct3D 11.0 [level 11.1]
    Renderer: NVIDIA GeForce GTX 1660 (ID=0x2184)
    Vendor:   NVIDIA
    VRAM:     5980 MB
    Driver:   31.0.15.3623
Initialize mono
Mono path[0] = 'C:/Program Files/Unity/Hub/Editor/2021.3.29f1/Editor/Data/Managed'
Mono path[1] = 'C:/Program Files/Unity/Hub/Editor/2021.3.29f1/Editor/Data/MonoBleedingEdge/lib/mono/unityjit-win32'
Mono config path = 'C:/Program Files/Unity/Hub/Editor/2021.3.29f1/Editor/Data/MonoBleedingEdge/etc'
Using monoOptions --debugger-agent=transport=dt_socket,embedding=1,server=y,suspend=n,address=127.0.0.1:56996
Begin MonoManager ReloadAssembly
Registering precompiled unity dll's ...
Register platform support module: C:/Program Files/Unity/Hub/Editor/2021.3.29f1/Editor/Data/PlaybackEngines/WindowsStandaloneSupport/UnityEditor.WindowsStandalone.Extensions.dll
Registered in 0.005050 seconds.
Native extension for WindowsStandalone target not found
Refreshing native plugins compatible for Editor in 66.24 ms, found 3 plugins.
Preloading 0 native plugins for Editor in 0.00 ms.
Mono: successfully reloaded assembly
- Completed reload, in  0.758 seconds
Domain Reload Profiling:
	ReloadAssembly (758ms)
		BeginReloadAssembly (67ms)
			ExecutionOrderSort (0ms)
			DisableScriptedObjects (0ms)
			BackupInstance (0ms)
			ReleaseScriptingObjects (0ms)
			CreateAndSetChildDomain (1ms)
		EndReloadAssembly (500ms)
			LoadAssemblies (65ms)
			RebuildTransferFunctionScriptingTraits (0ms)
			SetupTypeCache (223ms)
			ReleaseScriptCaches (0ms)
			RebuildScriptCaches (22ms)
			SetupLoadedEditorAssemblies (214ms)
				LogAssemblyErrors (0ms)
				InitializePlatformSupportModulesInManaged (6ms)
				SetLoadedEditorAssemblies (0ms)
				RefreshPlugins (66ms)
				BeforeProcessingInitializeOnLoad (1ms)
				ProcessInitializeOnLoadAttributes (97ms)
				ProcessInitializeOnLoadMethodAttributes (43ms)
				AfterProcessingInitializeOnLoad (0ms)
				EditorAssembliesLoaded (0ms)
			ExecutionOrderSort2 (0ms)
			AwakeInstancesAfterBackupRestoration (0ms)
Platform modules already initialized, skipping
Registering precompiled user dll's ...
Registered in 0.003358 seconds.
Begin MonoManager ReloadAssembly
Symbol file LoadedFromMemory doesn't match image C:\Users\Administrator\Desktop\EndlessRunGame\EndlessRun\Library\PackageCache\com.unity.visualscripting@1.8.0\Editor\VisualScripting.Core\Dependencies\YamlDotNet\Unity.VisualScripting.YamlDotNet.dll
Symbol file LoadedFromMemory doesn't match image C:\Users\Administrator\Desktop\EndlessRunGame\EndlessRun\Library\PackageCache\com.unity.visualscripting@1.8.0\Editor\VisualScripting.Core\Dependencies\DotNetZip\Unity.VisualScripting.IonicZip.dll
Native extension for WindowsStandalone target not found
Refreshing native plugins compatible for Editor in 0.49 ms, found 3 plugins.
Preloading 0 native plugins for Editor in 0.00 ms.
Mono: successfully reloaded assembly
- Completed reload, in  0.911 seconds
Domain Reload Profiling:
	ReloadAssembly (912ms)
		BeginReloadAssembly (132ms)
			ExecutionOrderSort (0ms)
			DisableScriptedObjects (5ms)
			BackupInstance (0ms)
			ReleaseScriptingObjects (0ms)
			CreateAndSetChildDomain (15ms)
		EndReloadAssembly (692ms)
			LoadAssemblies (105ms)
			RebuildTransferFunctionScriptingTraits (0ms)
			SetupTypeCache (284ms)
			ReleaseScriptCaches (1ms)
			RebuildScriptCaches (39ms)
			SetupLoadedEditorAssemblies (273ms)
				LogAssemblyErrors (0ms)
				InitializePlatformSupportModulesInManaged (4ms)
				SetLoadedEditorAssemblies (0ms)
				RefreshPlugins (1ms)
				BeforeProcessingInitializeOnLoad (66ms)
				ProcessInitializeOnLoadAttributes (179ms)
				ProcessInitializeOnLoadMethodAttributes (17ms)
				AfterProcessingInitializeOnLoad (6ms)
				EditorAssembliesLoaded (0ms)
			ExecutionOrderSort2 (0ms)
			AwakeInstancesAfterBackupRestoration (4ms)
Platform modules already initialized, skipping
========================================================================
Worker process is ready to serve import requests
Launched and connected shader compiler UnityShaderCompiler.exe after 0.05 seconds
Refreshing native plugins compatible for Editor in 0.57 ms, found 3 plugins.
Preloading 0 native plugins for Editor in 0.00 ms.
Unloading 3084 Unused Serialized files (Serialized files now loaded: 0)
Unloading 22 unused Assets / (46.8 KB). Loaded Objects now: 3553.
Memory consumption went from 112.4 MB to 112.4 MB.
Total: 2.622900 ms (FindLiveObjects: 0.230100 ms CreateObjectMapping: 0.129500 ms MarkObjects: 2.198700 ms  DeleteObjects: 0.063900 ms)

AssetImportParameters requested are different than current active one (requested -> active):
  custom:video-decoder-ogg-theora: a1e56fd34408186e4bbccfd4996cb3dc -> 
  custom:container-muxer-webm: aa71ff27fc2769a1b78a27578f13a17b -> 
  custom:container-demuxer-webm: 4f35f7cbe854078d1ac9338744f61a02 -> 
  custom:video-encoder-webm-vp8: eb34c28f22e8b96e1ab97ce403110664 -> 
  custom:CustomObjectIndexerAttribute: bc11b3a6c3213fcdd17b65e7da85e133 -> 
  custom:audio-encoder-webm-vorbis: bf7c407c2cedff20999df2af8eb42d56 -> 
  custom:framework-win-MediaFoundation: 216162199b28c13a410421893ffa2e32 -> 
  custom:container-demuxer-ogg: 62fdf1f143b41e24485cea50d1cbac27 -> 
  custom:video-decoder-webm-vp8: 9c59270c3fd7afecdb556c50c9e8de78 -> 
  custom:audio-decoder-ogg-vorbis: bf7c407c2cedff20999df2af8eb42d56 -> 
========================================================================
Received Import Request.
  Time since last request: 1522.433268 seconds.
  path: Assets/Sound/ArcadeGameBGM#3_Loop.wav
  artifactKey: Guid(3e590851f6c3bf94aa10c1c33ce6e962) Importer(815301076,1909f56bfc062723c751e8b465ee728b)
Start importing Assets/Sound/ArcadeGameBGM#3_Loop.wav using Guid(3e590851f6c3bf94aa10c1c33ce6e962) Importer(815301076,1909f56bfc062723c751e8b465ee728b)  -> (artifact id: 'fe6a4e1a758d253bcc1e4fb3cea559ca') in 0.090921 seconds 
========================================================================
Received Import Request.
  Time since last request: 0.753770 seconds.
  path: Assets/Sound/Digital Woosh Click.wav
  artifactKey: Guid(d510b9dbcfbe5594e818fddfbc0d1c38) Importer(815301076,1909f56bfc062723c751e8b465ee728b)
Start importing Assets/Sound/Digital Woosh Click.wav using Guid(d510b9dbcfbe5594e818fddfbc0d1c38) Importer(815301076,1909f56bfc062723c751e8b465ee728b)  -> (artifact id: '6ce415c58a8f880a1ba48ba687cc808e') in 0.013149 seconds 
========================================================================
Received Import Request.
  Time since last request: 0.018588 seconds.
  path: Assets/Sound/Enchanted Transition.wav
  artifactKey: Guid(853603a22ad2ba74ba858d31b1cd13f9) Importer(815301076,1909f56bfc062723c751e8b465ee728b)
Start importing Assets/Sound/Enchanted Transition.wav using Guid(853603a22ad2ba74ba858d31b1cd13f9) Importer(815301076,1909f56bfc062723c751e8b465ee728b)  -> (artifact id: 'd4bf61543d2ddba065e91277bde2d7ee') in 0.015074 seconds 
========================================================================
Received Import Request.
  Time since last request: 7.030945 seconds.
  path: Assets/Sound/GameSound.wav
  artifactKey: Guid(3e590851f6c3bf94aa10c1c33ce6e962) Importer(815301076,1909f56bfc062723c751e8b465ee728b)
Start importing Assets/Sound/GameSound.wav using Guid(3e590851f6c3bf94aa10c1c33ce6e962) Importer(815301076,1909f56bfc062723c751e8b465ee728b)  -> (artifact id: 'e7f7ee3ef27238a2236e827b15396259') in 0.010058 seconds 
========================================================================
Received Import Request.
  Time since last request: 0.004345 seconds.
  path: Assets/Sound/Game Pop FX.wav
  artifactKey: Guid(6d3d39316dd778842b816f850191d2bf) Importer(815301076,1909f56bfc062723c751e8b465ee728b)
Start importing Assets/Sound/Game Pop FX.wav using Guid(6d3d39316dd778842b816f850191d2bf) Importer(815301076,1909f56bfc062723c751e8b465ee728b)  -> (artifact id: '1991e1bd7de8360e34c64b4846624c18') in 0.016108 seconds 
========================================================================
Received Import Request.
  Time since last request: 0.000017 seconds.
  path: Assets/Sound/Gameplay Sparkle.wav
  artifactKey: Guid(a0b0f1d58a57d4641af4c317efeb7851) Importer(815301076,1909f56bfc062723c751e8b465ee728b)
Start importing Assets/Sound/Gameplay Sparkle.wav using Guid(a0b0f1d58a57d4641af4c317efeb7851) Importer(815301076,1909f56bfc062723c751e8b465ee728b)  -> (artifact id: 'f562d34385309a702d9dfee1254a7a6a') in 0.033537 seconds 
========================================================================
Received Import Request.
  Time since last request: 0.000029 seconds.
  path: Assets/Sound/Magic.wav
  artifactKey: Guid(2a6dbd27435fa3146836d142df4f6488) Importer(815301076,1909f56bfc062723c751e8b465ee728b)
Start importing Assets/Sound/Magic.wav using Guid(2a6dbd27435fa3146836d142df4f6488) Importer(815301076,1909f56bfc062723c751e8b465ee728b)  -> (artifact id: '233f13be84f253284ac4eb615fd0bc62') in 0.017537 seconds 
========================================================================
Received Import Request.
  Time since last request: 0.000022 seconds.
  path: Assets/Sound/Gameplay Achievement.wav
  artifactKey: Guid(b0277c32cd1c27a48857b18cdfbbc21a) Importer(815301076,1909f56bfc062723c751e8b465ee728b)
Start importing Assets/Sound/Gameplay Achievement.wav using Guid(b0277c32cd1c27a48857b18cdfbbc21a) Importer(815301076,1909f56bfc062723c751e8b465ee728b)  -> (artifact id: '99955d44cb35ab0870c16274e4f56af7') in 0.019563 seconds 
========================================================================
Received Import Request.
  Time since last request: 0.000019 seconds.
  path: Assets/Sound/Magic Spell.wav
  artifactKey: Guid(bd6ab72952b8dc148aab704517741bc7) Importer(815301076,1909f56bfc062723c751e8b465ee728b)
Start importing Assets/Sound/Magic Spell.wav using Guid(bd6ab72952b8dc148aab704517741bc7) Importer(815301076,1909f56bfc062723c751e8b465ee728b)  -> (artifact id: 'f9dd487fcf620f0f18618c2b1ae513b5') in 0.023313 seconds 
========================================================================
Received Import Request.
  Time since last request: 0.000015 seconds.
  path: Assets/Sound/Item Collect.wav
  artifactKey: Guid(a231cd57e95a6d94082d8e5ef8b4ab09) Importer(815301076,1909f56bfc062723c751e8b465ee728b)
Start importing Assets/Sound/Item Collect.wav using Guid(a231cd57e95a6d94082d8e5ef8b4ab09) Importer(815301076,1909f56bfc062723c751e8b465ee728b)  -> (artifact id: 'c9960b60c09de34c1944a4ce7fba4bf1') in 0.015222 seconds 
========================================================================
Received Import Request.
  Time since last request: 368.268870 seconds.
  path: Assets/simple UI & icons/other
  artifactKey: Guid(dbd6fb4a30e5b114faf2a96c9754ac65) Importer(815301076,1909f56bfc062723c751e8b465ee728b)
Start importing Assets/simple UI & icons/other using Guid(dbd6fb4a30e5b114faf2a96c9754ac65) Importer(815301076,1909f56bfc062723c751e8b465ee728b)  -> (artifact id: '6c41c2aeea620b65b9d86e9da8495272') in 0.006451 seconds 
========================================================================
Received Import Request.
  Time since last request: 2.051965 seconds.
  path: Assets/simple UI & icons/box
  artifactKey: Guid(32a7144410aaa4d4ea525d663aff29fe) Importer(815301076,1909f56bfc062723c751e8b465ee728b)
Start importing Assets/simple UI & icons/box using Guid(32a7144410aaa4d4ea525d663aff29fe) Importer(815301076,1909f56bfc062723c751e8b465ee728b)  -> (artifact id: 'a6ec56f011dc03d3d590ee3b0d5b499d') in 0.005826 seconds 
========================================================================
Received Import Request.
  Time since last request: 0.214019 seconds.
  path: Assets/simple UI & icons/box/box_coin1.png
  artifactKey: Guid(4ce557cc090bf604999f084d5c52f88c) Importer(815301076,1909f56bfc062723c751e8b465ee728b)
Start importing Assets/simple UI & icons/box/box_coin1.png using Guid(4ce557cc090bf604999f084d5c52f88c) Importer(815301076,1909f56bfc062723c751e8b465ee728b)  -> (artifact id: '131b3801939b571360be47b740a7acec') in 0.028196 seconds 
========================================================================
Received Import Request.
  Time since last request: 0.000020 seconds.
  path: Assets/simple UI & icons/box/box_exp3.png
  artifactKey: Guid(b57930d302719f64b80f87a38be0539e) Importer(815301076,1909f56bfc062723c751e8b465ee728b)
Start importing Assets/simple UI & icons/box/box_exp3.png using Guid(b57930d302719f64b80f87a38be0539e) Importer(815301076,1909f56bfc062723c751e8b465ee728b)  -> (artifact id: '4fb9e1094d19324615f5d642c4e04d64') in 0.019922 seconds 
========================================================================
Received Import Request.
  Time since last request: 0.000017 seconds.
  path: Assets/simple UI & icons/box/box_option4.png
  artifactKey: Guid(283378bbf45dff240a24c8c4549507de) Importer(815301076,1909f56bfc062723c751e8b465ee728b)
Start importing Assets/simple UI & icons/box/box_option4.png using Guid(283378bbf45dff240a24c8c4549507de) Importer(815301076,1909f56bfc062723c751e8b465ee728b)  -> (artifact id: 'baf700f322eb2b92512943b895af4aaa') in 0.020065 seconds 
========================================================================
Received Import Request.
  Time since last request: 0.000022 seconds.
  path: Assets/simple UI & icons/box/box_event2.png
  artifactKey: Guid(1481334038ea30a4bbbeb1912d9230ff) Importer(815301076,1909f56bfc062723c751e8b465ee728b)
Start importing Assets/simple UI & icons/box/box_event2.png using Guid(1481334038ea30a4bbbeb1912d9230ff) Importer(815301076,1909f56bfc062723c751e8b465ee728b)  -> (artifact id: '71e5028413b40e7941d0de6210ee8301') in 0.014434 seconds 
========================================================================
Received Import Request.
  Time since last request: 0.000027 seconds.
  path: Assets/simple UI & icons/box/box_map name.png
  artifactKey: Guid(9612150cbb33ebf4abaafcb0066d0c09) Importer(815301076,1909f56bfc062723c751e8b465ee728b)
Start importing Assets/simple UI & icons/box/box_map name.png using Guid(9612150cbb33ebf4abaafcb0066d0c09) Importer(815301076,1909f56bfc062723c751e8b465ee728b)  -> (artifact id: '6977a8359565892d66ef280b25229ede') in 0.013899 seconds 
========================================================================
Received Import Request.
  Time since last request: 0.000017 seconds.
  path: Assets/simple UI & icons/box/box_exp1.png
  artifactKey: Guid(8e02c966211256547b69c0381a52d995) Importer(815301076,1909f56bfc062723c751e8b465ee728b)
Start importing Assets/simple UI & icons/box/box_exp1.png using Guid(8e02c966211256547b69c0381a52d995) Importer(815301076,1909f56bfc062723c751e8b465ee728b)  -> (artifact id: 'bb35998206eb10c217171ef3df2e3c3b') in 0.013524 seconds 
========================================================================
Received Import Request.
  Time since last request: 0.000020 seconds.
  path: Assets/simple UI & icons/box/box_ID_PW.png
  artifactKey: Guid(dbc49de063591e741821707087728b4e) Importer(815301076,1909f56bfc062723c751e8b465ee728b)
Start importing Assets/simple UI & icons/box/box_ID_PW.png using Guid(dbc49de063591e741821707087728b4e) Importer(815301076,1909f56bfc062723c751e8b465ee728b)  -> (artifact id: '429d4092c955043da976c49174096fc5') in 0.013527 seconds 
========================================================================
Received Import Request.
  Time since last request: 0.000019 seconds.
  path: Assets/simple UI & icons/box/box_option2.png
  artifactKey: Guid(b9d57a4161b87ac43844cd039a58475f) Importer(815301076,1909f56bfc062723c751e8b465ee728b)
Start importing Assets/simple UI & icons/box/box_option2.png using Guid(b9d57a4161b87ac43844cd039a58475f) Importer(815301076,1909f56bfc062723c751e8b465ee728b)  -> (artifact id: '8b39a039124d83c33e6a86525f853f9d') in 0.014412 seconds 
========================================================================
Received Import Request.
  Time since last request: 0.000015 seconds.
  path: Assets/simple UI & icons/box/box_login3.png
  artifactKey: Guid(289510762bc007f44acc805d19c07088) Importer(815301076,1909f56bfc062723c751e8b465ee728b)
Start importing Assets/simple UI & icons/box/box_login3.png using Guid(289510762bc007f44acc805d19c07088) Importer(815301076,1909f56bfc062723c751e8b465ee728b)  -> (artifact id: 'f483394eaf977ea702d53188b0e4d61e') in 0.015174 seconds 
========================================================================
Received Import Request.
  Time since last request: 0.959829 seconds.
  path: Assets/simple UI & icons/box/box_select2.png
  artifactKey: Guid(cfba19cc91fa2034e9f341a44621ac47) Importer(815301076,1909f56bfc062723c751e8b465ee728b)
Start importing Assets/simple UI & icons/box/box_select2.png using Guid(cfba19cc91fa2034e9f341a44621ac47) Importer(815301076,1909f56bfc062723c751e8b465ee728b)  -> (artifact id: '03739d41a36fd55bab42118a972979ae') in 0.015181 seconds 
========================================================================
Received Import Request.
  Time since last request: 0.000023 seconds.
  path: Assets/simple UI & icons/box/circle_3.png
  artifactKey: Guid(bfe8ff4e5c151374f8f0974f0cde948f) Importer(815301076,1909f56bfc062723c751e8b465ee728b)
Start importing Assets/simple UI & icons/box/circle_3.png using Guid(bfe8ff4e5c151374f8f0974f0cde948f) Importer(815301076,1909f56bfc062723c751e8b465ee728b)  -> (artifact id: 'b8375a4aeb3aa0ed0af7274baf7cdefc') in 0.015485 seconds 
========================================================================
Received Import Request.
  Time since last request: 0.000030 seconds.
  path: Assets/simple UI & icons/box/circle_1.png
  artifactKey: Guid(ec553aa9b5d98d84081542d078774b16) Importer(815301076,1909f56bfc062723c751e8b465ee728b)
Start importing Assets/simple UI & icons/box/circle_1.png using Guid(ec553aa9b5d98d84081542d078774b16) Importer(815301076,1909f56bfc062723c751e8b465ee728b)  -> (artifact id: 'ac561700934ff2e0cfc65693e79d9087') in 0.014879 seconds 
========================================================================
Received Import Request.
  Time since last request: 1.610019 seconds.
  path: Assets/simple UI & icons/button/board.png
  artifactKey: Guid(9a03924cfa2bc044eb0636711b68053e) Importer(815301076,1909f56bfc062723c751e8b465ee728b)
Start importing Assets/simple UI & icons/button/board.png using Guid(9a03924cfa2bc044eb0636711b68053e) Importer(815301076,1909f56bfc062723c751e8b465ee728b)  -> (artifact id: '6a67e706d8a4ba310be926786de3eb33') in 0.016356 seconds 
========================================================================
Received Import Request.
  Time since last request: 0.000020 seconds.
  path: Assets/simple UI & icons/button/button_square.png
  artifactKey: Guid(41b00c3781537dd4e9d60980fc56f805) Importer(815301076,1909f56bfc062723c751e8b465ee728b)
Start importing Assets/simple UI & icons/button/button_square.png using Guid(41b00c3781537dd4e9d60980fc56f805) Importer(815301076,1909f56bfc062723c751e8b465ee728b)  -> (artifact id: '78c3dce3d2494e71f11a201660269b5d') in 0.014462 seconds 
========================================================================
Received Import Request.
  Time since last request: 0.000020 seconds.
  path: Assets/simple UI & icons/button/button_triangle_left.png
  artifactKey: Guid(560e0d8591efac84f9340ef1145d7123) Importer(815301076,1909f56bfc062723c751e8b465ee728b)
Start importing Assets/simple UI & icons/button/button_triangle_left.png using Guid(560e0d8591efac84f9340ef1145d7123) Importer(815301076,1909f56bfc062723c751e8b465ee728b)  -> (artifact id: '682796d92d4c06dd662789793be4e299') in 0.014814 seconds 
========================================================================
Received Import Request.
  Time since last request: 0.000020 seconds.
  path: Assets/simple UI & icons/button/button_plus.png
  artifactKey: Guid(8173f0253e1d3b74a8660351f517c832) Importer(815301076,1909f56bfc062723c751e8b465ee728b)
Start importing Assets/simple UI & icons/button/button_plus.png using Guid(8173f0253e1d3b74a8660351f517c832) Importer(815301076,1909f56bfc062723c751e8b465ee728b)  -> (artifact id: 'c98f897519ebdeb616f073d81e2522e0') in 0.018105 seconds 
========================================================================
Received Import Request.
  Time since last request: 5.894431 seconds.
  path: Assets/simple UI & icons/icons/icon_01.png
  artifactKey: Guid(8f9f91a1bccbc7242b4c42bb7ae4e3d2) Importer(815301076,1909f56bfc062723c751e8b465ee728b)
Start importing Assets/simple UI & icons/icons/icon_01.png using Guid(8f9f91a1bccbc7242b4c42bb7ae4e3d2) Importer(815301076,1909f56bfc062723c751e8b465ee728b)  -> (artifact id: 'eeacfc5bbd482db47d87b23df55ebd67') in 0.020076 seconds 
========================================================================
Received Import Request.
  Time since last request: 0.000021 seconds.
  path: Assets/simple UI & icons/icons/icon_04.png
  artifactKey: Guid(8a394ad1372b8294f99ad9d2c33f59ad) Importer(815301076,1909f56bfc062723c751e8b465ee728b)
Start importing Assets/simple UI & icons/icons/icon_04.png using Guid(8a394ad1372b8294f99ad9d2c33f59ad) Importer(815301076,1909f56bfc062723c751e8b465ee728b)  -> (artifact id: '4f3471f270bc5dd8c3b31641947a1359') in 0.017222 seconds 
========================================================================
Received Import Request.
  Time since last request: 0.000020 seconds.
  path: Assets/simple UI & icons/icons/icon_09.png
  artifactKey: Guid(fdd93a52409cf69489c9a92d23b18759) Importer(815301076,1909f56bfc062723c751e8b465ee728b)
Start importing Assets/simple UI & icons/icons/icon_09.png using Guid(fdd93a52409cf69489c9a92d23b18759) Importer(815301076,1909f56bfc062723c751e8b465ee728b)  -> (artifact id: '86f494ee5f09eff57a1eb8869b5dfd36') in 0.055042 seconds 
========================================================================
Received Import Request.
  Time since last request: 21.713344 seconds.
  path: Assets/Scripts/Manager/AudioManager.cs
  artifactKey: Guid(488c637a35f17e0438bea64c9fba6afd) Importer(815301076,1909f56bfc062723c751e8b465ee728b)
Start importing Assets/Scripts/Manager/AudioManager.cs using Guid(488c637a35f17e0438bea64c9fba6afd) Importer(815301076,1909f56bfc062723c751e8b465ee728b)  -> (artifact id: 'e166ec6043b75e2a60ded266990f30a8') in 0.009093 seconds 
========================================================================
Received Import Request.
  Time since last request: 94.347267 seconds.
  path: Assets/Scripts/Manager/AudioManager.cs
  artifactKey: Guid(488c637a35f17e0438bea64c9fba6afd) Importer(815301076,1909f56bfc062723c751e8b465ee728b)
Start importing Assets/Scripts/Manager/AudioManager.cs using Guid(488c637a35f17e0438bea64c9fba6afd) Importer(815301076,1909f56bfc062723c751e8b465ee728b)  -> (artifact id: '358a796ab3e5eee7f5bb775a25c91e10') in 0.001649 seconds 
========================================================================
Received Import Request.
  Time since last request: 152.978712 seconds.
  path: Assets/Scripts/Manager/AudioManager.cs
  artifactKey: Guid(488c637a35f17e0438bea64c9fba6afd) Importer(815301076,1909f56bfc062723c751e8b465ee728b)
Start importing Assets/Scripts/Manager/AudioManager.cs using Guid(488c637a35f17e0438bea64c9fba6afd) Importer(815301076,1909f56bfc062723c751e8b465ee728b)  -> (artifact id: 'c58c4992ff26f78613757031ed0cd84a') in 0.001726 seconds 
========================================================================
Received Prepare
Registering precompiled user dll's ...
Registered in 0.003234 seconds.
Begin MonoManager ReloadAssembly
Symbol file LoadedFromMemory doesn't match image C:\Users\Administrator\Desktop\EndlessRunGame\EndlessRun\Library\PackageCache\com.unity.visualscripting@1.8.0\Editor\VisualScripting.Core\Dependencies\YamlDotNet\Unity.VisualScripting.YamlDotNet.dll
Symbol file LoadedFromMemory doesn't match image C:\Users\Administrator\Desktop\EndlessRunGame\EndlessRun\Library\PackageCache\com.unity.visualscripting@1.8.0\Editor\VisualScripting.Core\Dependencies\DotNetZip\Unity.VisualScripting.IonicZip.dll
Native extension for WindowsStandalone target not found
Refreshing native plugins compatible for Editor in 0.53 ms, found 3 plugins.
Preloading 0 native plugins for Editor in 0.00 ms.
Mono: successfully reloaded assembly
- Completed reload, in  0.807 seconds
Domain Reload Profiling:
	ReloadAssembly (808ms)
		BeginReloadAssembly (139ms)
			ExecutionOrderSort (0ms)
			DisableScriptedObjects (5ms)
			BackupInstance (0ms)
			ReleaseScriptingObjects (0ms)
			CreateAndSetChildDomain (34ms)
		EndReloadAssembly (586ms)
			LoadAssemblies (87ms)
			RebuildTransferFunctionScriptingTraits (0ms)
			SetupTypeCache (216ms)
			ReleaseScriptCaches (1ms)
			RebuildScriptCaches (33ms)
			SetupLoadedEditorAssemblies (234ms)
				LogAssemblyErrors (0ms)
				InitializePlatformSupportModulesInManaged (5ms)
				SetLoadedEditorAssemblies (0ms)
				RefreshPlugins (1ms)
				BeforeProcessingInitializeOnLoad (57ms)
				ProcessInitializeOnLoadAttributes (150ms)
				ProcessInitializeOnLoadMethodAttributes (16ms)
				AfterProcessingInitializeOnLoad (6ms)
				EditorAssembliesLoaded (0ms)
			ExecutionOrderSort2 (0ms)
			AwakeInstancesAfterBackupRestoration (4ms)
Platform modules already initialized, skipping
Refreshing native plugins compatible for Editor in 1.29 ms, found 3 plugins.
Preloading 0 native plugins for Editor in 0.00 ms.
Unloading 3063 Unused Serialized files (Serialized files now loaded: 0)
Unloading 15 unused Assets / (21.9 KB). Loaded Objects now: 3572.
Memory consumption went from 115.1 MB to 115.1 MB.
Total: 2.151800 ms (FindLiveObjects: 0.222700 ms CreateObjectMapping: 0.122400 ms MarkObjects: 1.790400 ms  DeleteObjects: 0.015900 ms)

AssetImportParameters requested are different than current active one (requested -> active):
  custom:video-decoder-ogg-theora: a1e56fd34408186e4bbccfd4996cb3dc -> 
  custom:container-muxer-webm: aa71ff27fc2769a1b78a27578f13a17b -> 
  custom:container-demuxer-webm: 4f35f7cbe854078d1ac9338744f61a02 -> 
  custom:video-encoder-webm-vp8: eb34c28f22e8b96e1ab97ce403110664 -> 
  custom:CustomObjectIndexerAttribute: bc11b3a6c3213fcdd17b65e7da85e133 -> 
  custom:audio-encoder-webm-vorbis: bf7c407c2cedff20999df2af8eb42d56 -> 
  custom:framework-win-MediaFoundation: 216162199b28c13a410421893ffa2e32 -> 
  custom:container-demuxer-ogg: 62fdf1f143b41e24485cea50d1cbac27 -> 
  custom:video-decoder-webm-vp8: 9c59270c3fd7afecdb556c50c9e8de78 -> 
  custom:audio-decoder-ogg-vorbis: bf7c407c2cedff20999df2af8eb42d56 -> 
========================================================================
Received Import Request.
  Time since last request: 107.734372 seconds.
  path: Assets/Sound/Fairy Tale Magic Spell.wav
  artifactKey: Guid(7a0619234efad4d489c7d6831a176908) Importer(815301076,1909f56bfc062723c751e8b465ee728b)
Start importing Assets/Sound/Fairy Tale Magic Spell.wav using Guid(7a0619234efad4d489c7d6831a176908) Importer(815301076,1909f56bfc062723c751e8b465ee728b)  -> (artifact id: 'c13bfbde8f9fff4730646d74f7e12c3e') in 0.045811 seconds 
========================================================================
Received Import Request.
  Time since last request: 0.000017 seconds.
  path: Assets/Sound/Fantasy.wav
  artifactKey: Guid(6f7ad050be663f5439f05a1e456e3fa0) Importer(815301076,1909f56bfc062723c751e8b465ee728b)
Start importing Assets/Sound/Fantasy.wav using Guid(6f7ad050be663f5439f05a1e456e3fa0) Importer(815301076,1909f56bfc062723c751e8b465ee728b)  -> (artifact id: 'b722dbfafbbe7e4a52da8aec1c5ef3c8') in 0.020859 seconds 
========================================================================
Received Import Request.
  Time since last request: 0.000025 seconds.
  path: Assets/Sound/Fast Rattle Alert.wav
  artifactKey: Guid(eb0c6ddcd6a6270489435b0446fe9836) Importer(815301076,1909f56bfc062723c751e8b465ee728b)
Start importing Assets/Sound/Fast Rattle Alert.wav using Guid(eb0c6ddcd6a6270489435b0446fe9836) Importer(815301076,1909f56bfc062723c751e8b465ee728b)  -> (artifact id: 'f4ce7d63945eb297dcb76dd64c46eff5') in 0.015300 seconds 
========================================================================
Received Import Request.
  Time since last request: 0.000031 seconds.
  path: Assets/Sound/Friendly Notification.wav
  artifactKey: Guid(ffac037fea8b9f34ca9078f44c4bbffc) Importer(815301076,1909f56bfc062723c751e8b465ee728b)
Start importing Assets/Sound/Friendly Notification.wav using Guid(ffac037fea8b9f34ca9078f44c4bbffc) Importer(815301076,1909f56bfc062723c751e8b465ee728b)  -> (artifact id: '9f68d16c505d34997e0c62a9250a43eb') in 0.015555 seconds 
========================================================================
Received Import Request.
  Time since last request: 0.252264 seconds.
  path: Assets/Sound/Funny Fall.wav
  artifactKey: Guid(d75f69f4c222537428576a98a1ebab96) Importer(815301076,1909f56bfc062723c751e8b465ee728b)
Start importing Assets/Sound/Funny Fall.wav using Guid(d75f69f4c222537428576a98a1ebab96) Importer(815301076,1909f56bfc062723c751e8b465ee728b)  -> (artifact id: '9ba0f4992b274765ee2238ad0ba6e1c1') in 0.013735 seconds 
========================================================================
Received Import Request.
  Time since last request: 0.000018 seconds.
  path: Assets/Sound/Game Countdown.wav
  artifactKey: Guid(82c28e65ee9ad3444ba234b94b6725e6) Importer(815301076,1909f56bfc062723c751e8b465ee728b)
Start importing Assets/Sound/Game Countdown.wav using Guid(82c28e65ee9ad3444ba234b94b6725e6) Importer(815301076,1909f56bfc062723c751e8b465ee728b)  -> (artifact id: '8b5af2c363adaddc2810af7243c06995') in 0.014126 seconds 
========================================================================
Received Import Request.
  Time since last request: 0.000019 seconds.
  path: Assets/Sound/Game Highlight.wav
  artifactKey: Guid(d56a2a4c80b44b049943a4eb29fddb5e) Importer(815301076,1909f56bfc062723c751e8b465ee728b)
Start importing Assets/Sound/Game Highlight.wav using Guid(d56a2a4c80b44b049943a4eb29fddb5e) Importer(815301076,1909f56bfc062723c751e8b465ee728b)  -> (artifact id: '9d5d112954454e743e95843ace787fda') in 0.014226 seconds 
========================================================================
Received Import Request.
  Time since last request: 0.522732 seconds.
  path: Assets/Sound/Metallic Button Click.wav
  artifactKey: Guid(3ffa9d151ea46f64196c452eb3a32338) Importer(815301076,1909f56bfc062723c751e8b465ee728b)
Start importing Assets/Sound/Metallic Button Click.wav using Guid(3ffa9d151ea46f64196c452eb3a32338) Importer(815301076,1909f56bfc062723c751e8b465ee728b)  -> (artifact id: '275e42ab407e45152d3c6df7f99fb11f') in 0.014496 seconds 
========================================================================
Received Import Request.
  Time since last request: 0.000012 seconds.
  path: Assets/Sound/Monster Spell.wav
  artifactKey: Guid(d0476d4c32725ee4cb3ee7a190a5ae7a) Importer(815301076,1909f56bfc062723c751e8b465ee728b)
Start importing Assets/Sound/Monster Spell.wav using Guid(d0476d4c32725ee4cb3ee7a190a5ae7a) Importer(815301076,1909f56bfc062723c751e8b465ee728b)  -> (artifact id: '432a2095a9da892bf283dd9f3bc6b5e0') in 0.013052 seconds 
========================================================================
Received Import Request.
  Time since last request: 144.797438 seconds.
  path: Assets/simple UI & icons/other/bar_sound.png
  artifactKey: Guid(730dbb57012a2cb4ab380b3079761b24) Importer(815301076,1909f56bfc062723c751e8b465ee728b)
Start importing Assets/simple UI & icons/other/bar_sound.png using Guid(730dbb57012a2cb4ab380b3079761b24) Importer(815301076,1909f56bfc062723c751e8b465ee728b)  -> (artifact id: '214c8faca8b97e0b054ed28e4d45818f') in 0.025644 seconds 
========================================================================
Received Import Request.
  Time since last request: 0.000039 seconds.
  path: Assets/simple UI & icons/other/user_name.png
  artifactKey: Guid(cf9f303cfb921a54c9b9127af2f877c0) Importer(815301076,1909f56bfc062723c751e8b465ee728b)
Start importing Assets/simple UI & icons/other/user_name.png using Guid(cf9f303cfb921a54c9b9127af2f877c0) Importer(815301076,1909f56bfc062723c751e8b465ee728b)  -> (artifact id: 'fe89701b08ccfbd8fdd2d73424b40737') in 0.016656 seconds 
========================================================================
Received Import Request.
  Time since last request: 0.000029 seconds.
  path: Assets/simple UI & icons/other/user.png
  artifactKey: Guid(7723d0c4abda2b24687491071e99af9e) Importer(815301076,1909f56bfc062723c751e8b465ee728b)
Start importing Assets/simple UI & icons/other/user.png using Guid(7723d0c4abda2b24687491071e99af9e) Importer(815301076,1909f56bfc062723c751e8b465ee728b)  -> (artifact id: '89d58477fc60f77ceb758e011f734461') in 0.025831 seconds 
========================================================================
Received Import Request.
  Time since last request: 0.000025 seconds.
  path: Assets/simple UI & icons/other/map_pin.png
  artifactKey: Guid(d74c8e2402f636444b9f3de105e5c8f9) Importer(815301076,1909f56bfc062723c751e8b465ee728b)
Start importing Assets/simple UI & icons/other/map_pin.png using Guid(d74c8e2402f636444b9f3de105e5c8f9) Importer(815301076,1909f56bfc062723c751e8b465ee728b)  -> (artifact id: 'b9bb6aace474ac8d33c4a171cbdfdefe') in 0.018154 seconds 
========================================================================
Received Import Request.
  Time since last request: 0.000028 seconds.
  path: Assets/simple UI & icons/other/user_2.png
  artifactKey: Guid(1a83ac7f195e82b40b81bc52dac17484) Importer(815301076,1909f56bfc062723c751e8b465ee728b)
Start importing Assets/simple UI & icons/other/user_2.png using Guid(1a83ac7f195e82b40b81bc52dac17484) Importer(815301076,1909f56bfc062723c751e8b465ee728b)  -> (artifact id: '16d77a1c94541bfc00c231c861a3237e') in 0.021680 seconds 
========================================================================
Received Import Request.
  Time since last request: 205.370221 seconds.
  path: Assets/simple UI & icons/box/box_coin1.png
  artifactKey: Guid(4ce557cc090bf604999f084d5c52f88c) Importer(815301076,1909f56bfc062723c751e8b465ee728b)
Start importing Assets/simple UI & icons/box/box_coin1.png using Guid(4ce557cc090bf604999f084d5c52f88c) Importer(815301076,1909f56bfc062723c751e8b465ee728b)  -> (artifact id: 'f601b3ad78c31fc98e3e08384baf6874') in 0.028635 seconds 
========================================================================
Received Import Request.
  Time since last request: 0.007246 seconds.
  path: Assets/simple UI & icons/box/box_login3.png
  artifactKey: Guid(289510762bc007f44acc805d19c07088) Importer(815301076,1909f56bfc062723c751e8b465ee728b)
Start importing Assets/simple UI & icons/box/box_login3.png using Guid(289510762bc007f44acc805d19c07088) Importer(815301076,1909f56bfc062723c751e8b465ee728b)  -> (artifact id: '1d00d87793e3d2e5d925b729c061e22a') in 0.040170 seconds 
========================================================================
Received Import Request.
  Time since last request: 0.000021 seconds.
  path: Assets/simple UI & icons/box/circle_3.png
  artifactKey: Guid(bfe8ff4e5c151374f8f0974f0cde948f) Importer(815301076,1909f56bfc062723c751e8b465ee728b)
Start importing Assets/simple UI & icons/box/circle_3.png using Guid(bfe8ff4e5c151374f8f0974f0cde948f) Importer(815301076,1909f56bfc062723c751e8b465ee728b)  -> (artifact id: 'fe59d34e2b45b7f51c8c4b779df23d53') in 0.022990 seconds 
========================================================================
Received Import Request.
  Time since last request: 0.000017 seconds.
  path: Assets/simple UI & icons/box/box_option4.png
  artifactKey: Guid(283378bbf45dff240a24c8c4549507de) Importer(815301076,1909f56bfc062723c751e8b465ee728b)
Start importing Assets/simple UI & icons/box/box_option4.png using Guid(283378bbf45dff240a24c8c4549507de) Importer(815301076,1909f56bfc062723c751e8b465ee728b)  -> (artifact id: '7ca42a56cb830a0c25bccdd272fb6084') in 0.052745 seconds 
========================================================================
Received Import Request.
  Time since last request: 0.000027 seconds.
  path: Assets/simple UI & icons/box/circle_2.png
  artifactKey: Guid(90523fd09249fed4291cb5227e137ea0) Importer(815301076,1909f56bfc062723c751e8b465ee728b)
Start importing Assets/simple UI & icons/box/circle_2.png using Guid(90523fd09249fed4291cb5227e137ea0) Importer(815301076,1909f56bfc062723c751e8b465ee728b)  -> (artifact id: 'eaea7cc938e757eb4c1f6b080b364cd7') in 0.021103 seconds 
========================================================================
Received Import Request.
  Time since last request: 0.000024 seconds.
  path: Assets/simple UI & icons/box/box_option1.png
  artifactKey: Guid(722bf8ea9395ad0488f853393305780b) Importer(815301076,1909f56bfc062723c751e8b465ee728b)
Start importing Assets/simple UI & icons/box/box_option1.png using Guid(722bf8ea9395ad0488f853393305780b) Importer(815301076,1909f56bfc062723c751e8b465ee728b)  -> (artifact id: '805fb24f5b40a03bf992b737e63c3ba9') in 0.067255 seconds 
========================================================================
Received Import Request.
  Time since last request: 0.000018 seconds.
  path: Assets/simple UI & icons/box/box_select3.png
  artifactKey: Guid(7c39fe94d7cc03442ad53eac0cea5f71) Importer(815301076,1909f56bfc062723c751e8b465ee728b)
Start importing Assets/simple UI & icons/box/box_select3.png using Guid(7c39fe94d7cc03442ad53eac0cea5f71) Importer(815301076,1909f56bfc062723c751e8b465ee728b)  -> (artifact id: '05f395990f8c11c7392a3f75e351a774') in 0.042358 seconds 
========================================================================
Received Import Request.
  Time since last request: 0.000024 seconds.
  path: Assets/simple UI & icons/box/box_select2.png
  artifactKey: Guid(cfba19cc91fa2034e9f341a44621ac47) Importer(815301076,1909f56bfc062723c751e8b465ee728b)
Start importing Assets/simple UI & icons/box/box_select2.png using Guid(cfba19cc91fa2034e9f341a44621ac47) Importer(815301076,1909f56bfc062723c751e8b465ee728b)  -> (artifact id: 'cfd9c761ac5973cf1038f731da703fc1') in 0.032880 seconds 
========================================================================
Received Import Request.
  Time since last request: 2.679068 seconds.
  path: Assets/simple UI & icons/box/box_ID_PW.png
  artifactKey: Guid(dbc49de063591e741821707087728b4e) Importer(815301076,1909f56bfc062723c751e8b465ee728b)
Start importing Assets/simple UI & icons/box/box_ID_PW.png using Guid(dbc49de063591e741821707087728b4e) Importer(815301076,1909f56bfc062723c751e8b465ee728b)  -> (artifact id: '7ab698b6e0486078a94fd2d991c628ee') in 0.019905 seconds 
========================================================================
Received Import Request.
  Time since last request: 0.029590 seconds.
  path: Assets/simple UI & icons/box/box_exp1.png
  artifactKey: Guid(8e02c966211256547b69c0381a52d995) Importer(815301076,1909f56bfc062723c751e8b465ee728b)
Start importing Assets/simple UI & icons/box/box_exp1.png using Guid(8e02c966211256547b69c0381a52d995) Importer(815301076,1909f56bfc062723c751e8b465ee728b)  -> (artifact id: '27c33f0972b7a739ac5ea771f2874b39') in 0.017406 seconds 
========================================================================
Received Import Request.
  Time since last request: 0.000027 seconds.
  path: Assets/simple UI & icons/box/box_exp3.png
  artifactKey: Guid(b57930d302719f64b80f87a38be0539e) Importer(815301076,1909f56bfc062723c751e8b465ee728b)
Start importing Assets/simple UI & icons/box/box_exp3.png using Guid(b57930d302719f64b80f87a38be0539e) Importer(815301076,1909f56bfc062723c751e8b465ee728b)  -> (artifact id: '447fb405141cc8295042ae10d1cfab02') in 0.016509 seconds 
========================================================================
Received Import Request.
  Time since last request: 0.008832 seconds.
  path: Assets/simple UI & icons/box/box_event1.png
  artifactKey: Guid(dce07060ba1c3964a84b3ec42f0c2477) Importer(815301076,1909f56bfc062723c751e8b465ee728b)
Start importing Assets/simple UI & icons/box/box_event1.png using Guid(dce07060ba1c3964a84b3ec42f0c2477) Importer(815301076,1909f56bfc062723c751e8b465ee728b)  -> (artifact id: '47508631301cdd99cdc581ee2dcf61e1') in 0.023203 seconds 
Editor requested this worker to shutdown with reason: Scaling down because of idle timeout
AssetImportWorker is now disconnected from the server
Process exiting
Exiting without the bug reporter. Application will terminate with return code 0