Using pre-set license
Built from '2021.3/staging' branch; Version is '2021.3.29f1 (204d6dc9ae1c) revision 2116973'; Using compiler version '192829333'; Build Type 'Release'
OS: 'Windows 10  (10.0.19045) 64bit Education' Language: 'ko' Physical Memory: 16297 MB
BatchMode: 1, IsHumanControllingUs: 0, StartBugReporterOnCrash: 0, Is64bit: 1, IsPro: 1

COMMAND LINE ARGUMENTS:
C:\Program Files\Unity\Hub\Editor\2021.3.29f1\Editor\Unity.exe
-adb2
-batchMode
-noUpm
-name
AssetImportWorker6
-projectPath
C:/Users/Administrator/Desktop/EndlessRunGame/EndlessRun
-logFile
Logs/AssetImportWorker6.log
-srvPort
50303
Successfully changed project path to: C:/Users/Administrator/Desktop/EndlessRunGame/EndlessRun
C:/Users/Administrator/Desktop/EndlessRunGame/EndlessRun
[UnityMemory] Configuration Parameters - Can be set up in boot.config
    "memorysetup-bucket-allocator-granularity=16"
    "memorysetup-bucket-allocator-bucket-count=8"
    "memorysetup-bucket-allocator-block-size=33554432"
    "memorysetup-bucket-allocator-block-count=8"
    "memorysetup-main-allocator-block-size=16777216"
    "memorysetup-thread-allocator-block-size=16777216"
    "memorysetup-gfx-main-allocator-block-size=16777216"
    "memorysetup-gfx-thread-allocator-block-size=16777216"
    "memorysetup-cache-allocator-block-size=4194304"
    "memorysetup-typetree-allocator-block-size=2097152"
    "memorysetup-profiler-bucket-allocator-granularity=16"
    "memorysetup-profiler-bucket-allocator-bucket-count=8"
    "memorysetup-profiler-bucket-allocator-block-size=33554432"
    "memorysetup-profiler-bucket-allocator-block-count=8"
    "memorysetup-profiler-allocator-block-size=16777216"
    "memorysetup-profiler-editor-allocator-block-size=1048576"
    "memorysetup-temp-allocator-size-main=16777216"
    "memorysetup-job-temp-allocator-block-size=2097152"
    "memorysetup-job-temp-allocator-block-size-background=1048576"
    "memorysetup-job-temp-allocator-reduction-small-platforms=262144"
    "memorysetup-temp-allocator-size-background-worker=32768"
    "memorysetup-temp-allocator-size-job-worker=262144"
    "memorysetup-temp-allocator-size-preload-manager=33554432"
    "memorysetup-temp-allocator-size-nav-mesh-worker=65536"
    "memorysetup-temp-allocator-size-audio-worker=65536"
    "memorysetup-temp-allocator-size-cloud-worker=32768"
    "memorysetup-temp-allocator-size-gi-baking-worker=262144"
    "memorysetup-temp-allocator-size-gfx=262144"
Player connection [23256] Host "[IP] 192.168.0.29 [Port] 0 [Flags] 2 [Guid] 3964424980 [EditorId] 3964424980 [Version] 1048832 [Id] WindowsEditor(7,I-17) [Debug] 1 [PackageName] WindowsEditor [ProjectName] Editor" joined multi-casting on [225.0.0.222:54997]...

Player connection [23256] Host "[IP] 192.168.0.29 [Port] 0 [Flags] 2 [Guid] 3964424980 [EditorId] 3964424980 [Version] 1048832 [Id] WindowsEditor(7,I-17) [Debug] 1 [PackageName] WindowsEditor [ProjectName] Editor" joined alternative multi-casting on [225.0.0.222:34997]...

Refreshing native plugins compatible for Editor in 73.03 ms, found 3 plugins.
Preloading 0 native plugins for Editor in 0.00 ms.
Initialize engine version: 2021.3.29f1 (204d6dc9ae1c)
[Subsystems] Discovering subsystems at path C:/Program Files/Unity/Hub/Editor/2021.3.29f1/Editor/Data/Resources/UnitySubsystems
[Subsystems] Discovering subsystems at path C:/Users/Administrator/Desktop/EndlessRunGame/EndlessRun/Assets
GfxDevice: creating device client; threaded=0; jobified=0
Direct3D:
    Version:  Direct3D 11.0 [level 11.1]
    Renderer: NVIDIA GeForce GTX 1660 (ID=0x2184)
    Vendor:   NVIDIA
    VRAM:     5980 MB
    Driver:   31.0.15.3623
Initialize mono
Mono path[0] = 'C:/Program Files/Unity/Hub/Editor/2021.3.29f1/Editor/Data/Managed'
Mono path[1] = 'C:/Program Files/Unity/Hub/Editor/2021.3.29f1/Editor/Data/MonoBleedingEdge/lib/mono/unityjit-win32'
Mono config path = 'C:/Program Files/Unity/Hub/Editor/2021.3.29f1/Editor/Data/MonoBleedingEdge/etc'
Using monoOptions --debugger-agent=transport=dt_socket,embedding=1,server=y,suspend=n,address=127.0.0.1:56928
Begin MonoManager ReloadAssembly
Registering precompiled unity dll's ...
Register platform support module: C:/Program Files/Unity/Hub/Editor/2021.3.29f1/Editor/Data/PlaybackEngines/WindowsStandaloneSupport/UnityEditor.WindowsStandalone.Extensions.dll
Registered in 0.004813 seconds.
Native extension for WindowsStandalone target not found
Refreshing native plugins compatible for Editor in 66.83 ms, found 3 plugins.
Preloading 0 native plugins for Editor in 0.00 ms.
Mono: successfully reloaded assembly
- Completed reload, in  0.547 seconds
Domain Reload Profiling:
	ReloadAssembly (547ms)
		BeginReloadAssembly (69ms)
			ExecutionOrderSort (0ms)
			DisableScriptedObjects (0ms)
			BackupInstance (0ms)
			ReleaseScriptingObjects (0ms)
			CreateAndSetChildDomain (1ms)
		EndReloadAssembly (398ms)
			LoadAssemblies (66ms)
			RebuildTransferFunctionScriptingTraits (0ms)
			SetupTypeCache (123ms)
			ReleaseScriptCaches (0ms)
			RebuildScriptCaches (23ms)
			SetupLoadedEditorAssemblies (210ms)
				LogAssemblyErrors (0ms)
				InitializePlatformSupportModulesInManaged (6ms)
				SetLoadedEditorAssemblies (0ms)
				RefreshPlugins (67ms)
				BeforeProcessingInitializeOnLoad (1ms)
				ProcessInitializeOnLoadAttributes (97ms)
				ProcessInitializeOnLoadMethodAttributes (39ms)
				AfterProcessingInitializeOnLoad (0ms)
				EditorAssembliesLoaded (0ms)
			ExecutionOrderSort2 (0ms)
			AwakeInstancesAfterBackupRestoration (0ms)
Platform modules already initialized, skipping
Registering precompiled user dll's ...
Registered in 0.003604 seconds.
Begin MonoManager ReloadAssembly
Symbol file LoadedFromMemory doesn't match image C:\Users\Administrator\Desktop\EndlessRunGame\EndlessRun\Library\PackageCache\com.unity.visualscripting@1.8.0\Editor\VisualScripting.Core\Dependencies\YamlDotNet\Unity.VisualScripting.YamlDotNet.dll
Symbol file LoadedFromMemory doesn't match image C:\Users\Administrator\Desktop\EndlessRunGame\EndlessRun\Library\PackageCache\com.unity.visualscripting@1.8.0\Editor\VisualScripting.Core\Dependencies\DotNetZip\Unity.VisualScripting.IonicZip.dll
Native extension for WindowsStandalone target not found
Refreshing native plugins compatible for Editor in 0.50 ms, found 3 plugins.
Preloading 0 native plugins for Editor in 0.00 ms.
Mono: successfully reloaded assembly
- Completed reload, in  0.850 seconds
Domain Reload Profiling:
	ReloadAssembly (851ms)
		BeginReloadAssembly (96ms)
			ExecutionOrderSort (0ms)
			DisableScriptedObjects (5ms)
			BackupInstance (0ms)
			ReleaseScriptingObjects (0ms)
			CreateAndSetChildDomain (15ms)
		EndReloadAssembly (668ms)
			LoadAssemblies (67ms)
			RebuildTransferFunctionScriptingTraits (0ms)
			SetupTypeCache (214ms)
			ReleaseScriptCaches (1ms)
			RebuildScriptCaches (42ms)
			SetupLoadedEditorAssemblies (282ms)
				LogAssemblyErrors (0ms)
				InitializePlatformSupportModulesInManaged (5ms)
				SetLoadedEditorAssemblies (0ms)
				RefreshPlugins (1ms)
				BeforeProcessingInitializeOnLoad (72ms)
				ProcessInitializeOnLoadAttributes (181ms)
				ProcessInitializeOnLoadMethodAttributes (17ms)
				AfterProcessingInitializeOnLoad (6ms)
				EditorAssembliesLoaded (0ms)
			ExecutionOrderSort2 (0ms)
			AwakeInstancesAfterBackupRestoration (27ms)
Platform modules already initialized, skipping
========================================================================
Worker process is ready to serve import requests
Launched and connected shader compiler UnityShaderCompiler.exe after 0.03 seconds
Refreshing native plugins compatible for Editor in 0.49 ms, found 3 plugins.
Preloading 0 native plugins for Editor in 0.00 ms.
Unloading 3084 Unused Serialized files (Serialized files now loaded: 0)
Unloading 22 unused Assets / (46.8 KB). Loaded Objects now: 3553.
Memory consumption went from 112.4 MB to 112.4 MB.
Total: 2.440000 ms (FindLiveObjects: 0.229800 ms CreateObjectMapping: 0.163700 ms MarkObjects: 1.981100 ms  DeleteObjects: 0.064600 ms)

AssetImportParameters requested are different than current active one (requested -> active):
  custom:video-decoder-ogg-theora: a1e56fd34408186e4bbccfd4996cb3dc -> 
  custom:container-muxer-webm: aa71ff27fc2769a1b78a27578f13a17b -> 
  custom:container-demuxer-webm: 4f35f7cbe854078d1ac9338744f61a02 -> 
  custom:video-encoder-webm-vp8: eb34c28f22e8b96e1ab97ce403110664 -> 
  custom:CustomObjectIndexerAttribute: bc11b3a6c3213fcdd17b65e7da85e133 -> 
  custom:audio-encoder-webm-vorbis: bf7c407c2cedff20999df2af8eb42d56 -> 
  custom:framework-win-MediaFoundation: 216162199b28c13a410421893ffa2e32 -> 
  custom:container-demuxer-ogg: 62fdf1f143b41e24485cea50d1cbac27 -> 
  custom:video-decoder-webm-vp8: 9c59270c3fd7afecdb556c50c9e8de78 -> 
  custom:audio-decoder-ogg-vorbis: bf7c407c2cedff20999df2af8eb42d56 -> 
========================================================================
Received Import Request.
  Time since last request: 2641.129557 seconds.
  path: Assets/simple UI & icons/box/box_login1.png
  artifactKey: Guid(cc3c83ba2287c1b4ab01866e3b98285c) Importer(815301076,1909f56bfc062723c751e8b465ee728b)
Start importing Assets/simple UI & icons/box/box_login1.png using Guid(cc3c83ba2287c1b4ab01866e3b98285c) Importer(815301076,1909f56bfc062723c751e8b465ee728b)  -> (artifact id: '84fe2d49f01aa03738d99a17aac51c6d') in 0.116740 seconds 
========================================================================
Received Import Request.
  Time since last request: 0.000019 seconds.
  path: Assets/simple UI & icons/box/box_event3.png
  artifactKey: Guid(e832f8a4f31186448b2c250268b36742) Importer(815301076,1909f56bfc062723c751e8b465ee728b)
Start importing Assets/simple UI & icons/box/box_event3.png using Guid(e832f8a4f31186448b2c250268b36742) Importer(815301076,1909f56bfc062723c751e8b465ee728b)  -> (artifact id: 'd05fc4b6f29bd7eebdfaa6a14d5ae1ed') in 0.025149 seconds 
========================================================================
Received Import Request.
  Time since last request: 159.003436 seconds.
  path: Assets/simple UI & icons/other/user_2.png
  artifactKey: Guid(1a83ac7f195e82b40b81bc52dac17484) Importer(815301076,1909f56bfc062723c751e8b465ee728b)
Start importing Assets/simple UI & icons/other/user_2.png using Guid(1a83ac7f195e82b40b81bc52dac17484) Importer(815301076,1909f56bfc062723c751e8b465ee728b)  -> (artifact id: '1f29cc5895d7170d0c0bb7aec8dec0f7') in 0.017535 seconds 
========================================================================
Received Import Request.
  Time since last request: 0.006703 seconds.
  path: Assets/simple UI & icons/other/bar_exp.png
  artifactKey: Guid(169aaba8c20e92e45a85bf68e9159ff3) Importer(815301076,1909f56bfc062723c751e8b465ee728b)
Start importing Assets/simple UI & icons/other/bar_exp.png using Guid(169aaba8c20e92e45a85bf68e9159ff3) Importer(815301076,1909f56bfc062723c751e8b465ee728b)  -> (artifact id: '9b71af28e23c08e339fc6eecd75f3f32') in 0.031216 seconds 
========================================================================
Received Import Request.
  Time since last request: 0.000021 seconds.
  path: Assets/simple UI & icons/other/user.png
  artifactKey: Guid(7723d0c4abda2b24687491071e99af9e) Importer(815301076,1909f56bfc062723c751e8b465ee728b)
Start importing Assets/simple UI & icons/other/user.png using Guid(7723d0c4abda2b24687491071e99af9e) Importer(815301076,1909f56bfc062723c751e8b465ee728b)  -> (artifact id: '4af4e989d5f7b33eda5d31b89f5dfcb0') in 0.021015 seconds 
========================================================================
Received Import Request.
  Time since last request: 0.000024 seconds.
  path: Assets/simple UI & icons/other/stage_circle.png
  artifactKey: Guid(c5e101698caee1b46a2c1b3701ca3c3a) Importer(815301076,1909f56bfc062723c751e8b465ee728b)
Start importing Assets/simple UI & icons/other/stage_circle.png using Guid(c5e101698caee1b46a2c1b3701ca3c3a) Importer(815301076,1909f56bfc062723c751e8b465ee728b)  -> (artifact id: 'dc56e40f99da5dd679f178c074cffe51') in 0.021969 seconds 
========================================================================
Received Import Request.
  Time since last request: 0.000037 seconds.
  path: Assets/simple UI & icons/other/sound_pin.png
  artifactKey: Guid(a0d6d74bc3dec5f45b0c9a4b0c9ebe5f) Importer(815301076,1909f56bfc062723c751e8b465ee728b)
Start importing Assets/simple UI & icons/other/sound_pin.png using Guid(a0d6d74bc3dec5f45b0c9a4b0c9ebe5f) Importer(815301076,1909f56bfc062723c751e8b465ee728b)  -> (artifact id: '975256dc7d2d05f203788749311605c2') in 0.024354 seconds 
========================================================================
Received Import Request.
  Time since last request: 555.508357 seconds.
  path: Assets/TextMesh Pro/Resources/Fonts & Materials/LiberationSans SDF - Drop Shadow.mat
  artifactKey: Guid(e73a58f6e2794ae7b1b7e50b7fb811b0) Importer(815301076,1909f56bfc062723c751e8b465ee728b)
Start importing Assets/TextMesh Pro/Resources/Fonts & Materials/LiberationSans SDF - Drop Shadow.mat using Guid(e73a58f6e2794ae7b1b7e50b7fb811b0) Importer(815301076,1909f56bfc062723c751e8b465ee728b)  -> (artifact id: 'cad887b82bf565a2812079c255eea2bd') in 0.059459 seconds 
========================================================================
Received Import Request.
  Time since last request: 0.000022 seconds.
  path: Assets/TextMesh Pro/Resources/Fonts & Materials/LiberationSans SDF - Outline.mat
  artifactKey: Guid(79459efec17a4d00a321bdcc27bbc385) Importer(815301076,1909f56bfc062723c751e8b465ee728b)
Start importing Assets/TextMesh Pro/Resources/Fonts & Materials/LiberationSans SDF - Outline.mat using Guid(79459efec17a4d00a321bdcc27bbc385) Importer(815301076,1909f56bfc062723c751e8b465ee728b)  -> (artifact id: '4fb49fe67edce4e8c5be809851c5a270') in 0.069696 seconds 
========================================================================
Received Import Request.
  Time since last request: 0.000026 seconds.
  path: Assets/TextMesh Pro/Resources/Fonts & Materials/LiberationSans SDF.asset
  artifactKey: Guid(8f586378b4e144a9851e7b34d9b748ee) Importer(815301076,1909f56bfc062723c751e8b465ee728b)
Start importing Assets/TextMesh Pro/Resources/Fonts & Materials/LiberationSans SDF.asset using Guid(8f586378b4e144a9851e7b34d9b748ee) Importer(815301076,1909f56bfc062723c751e8b465ee728b)  -> (artifact id: '28fb3ca7b0f24b3c031deb3c6f36d723') in 0.044829 seconds 
========================================================================
Received Import Request.
  Time since last request: 1373.133638 seconds.
  path: Assets/simple UI & icons/button/button_triangle_left.png
  artifactKey: Guid(560e0d8591efac84f9340ef1145d7123) Importer(815301076,1909f56bfc062723c751e8b465ee728b)
Start importing Assets/simple UI & icons/button/button_triangle_left.png using Guid(560e0d8591efac84f9340ef1145d7123) Importer(815301076,1909f56bfc062723c751e8b465ee728b)  -> (artifact id: 'bdd255f99856496933844ffc22c216de') in 0.015482 seconds 
========================================================================
Received Import Request.
  Time since last request: 0.007813 seconds.
  path: Assets/simple UI & icons/button/board.png
  artifactKey: Guid(9a03924cfa2bc044eb0636711b68053e) Importer(815301076,1909f56bfc062723c751e8b465ee728b)
Start importing Assets/simple UI & icons/button/board.png using Guid(9a03924cfa2bc044eb0636711b68053e) Importer(815301076,1909f56bfc062723c751e8b465ee728b)  -> (artifact id: 'e12824890780856bd6efe3ba59e26c18') in 0.020918 seconds 
========================================================================
Received Import Request.
  Time since last request: 0.000018 seconds.
  path: Assets/simple UI & icons/button/button_start.png
  artifactKey: Guid(07ee7a3ee5a4c8a4cb632a9d8131a730) Importer(815301076,1909f56bfc062723c751e8b465ee728b)
Start importing Assets/simple UI & icons/button/button_start.png using Guid(07ee7a3ee5a4c8a4cb632a9d8131a730) Importer(815301076,1909f56bfc062723c751e8b465ee728b)  -> (artifact id: 'e7b7e281d7f4b6032f978f58fccac066') in 0.020765 seconds 
========================================================================
Received Import Request.
  Time since last request: 0.000021 seconds.
  path: Assets/simple UI & icons/button/button_square.png
  artifactKey: Guid(41b00c3781537dd4e9d60980fc56f805) Importer(815301076,1909f56bfc062723c751e8b465ee728b)
Start importing Assets/simple UI & icons/button/button_square.png using Guid(41b00c3781537dd4e9d60980fc56f805) Importer(815301076,1909f56bfc062723c751e8b465ee728b)  -> (artifact id: 'e8c7f4413bdef516cb11af6f676142f5') in 0.017129 seconds 
========================================================================
Received Import Request.
  Time since last request: 0.000026 seconds.
  path: Assets/simple UI & icons/button/button_plus.png
  artifactKey: Guid(8173f0253e1d3b74a8660351f517c832) Importer(815301076,1909f56bfc062723c751e8b465ee728b)
Start importing Assets/simple UI & icons/button/button_plus.png using Guid(8173f0253e1d3b74a8660351f517c832) Importer(815301076,1909f56bfc062723c751e8b465ee728b)  -> (artifact id: '3bc282a8f1fc4f22127a93804d8cc4f6') in 0.015257 seconds 
========================================================================
Received Import Request.
  Time since last request: 0.000023 seconds.
  path: Assets/simple UI & icons/button/button_triangle_top.png
  artifactKey: Guid(99236d6652d540e4a9b57040936dbd32) Importer(815301076,1909f56bfc062723c751e8b465ee728b)
Start importing Assets/simple UI & icons/button/button_triangle_top.png using Guid(99236d6652d540e4a9b57040936dbd32) Importer(815301076,1909f56bfc062723c751e8b465ee728b)  -> (artifact id: '67415cf9689f1aab8ceb7a92c8a504f0') in 0.014847 seconds 
Editor requested this worker to shutdown with reason: Scaling down because of idle timeout
AssetImportWorker is now disconnected from the server
Process exiting
Exiting without the bug reporter. Application will terminate with return code 0